[[1;34mINFO[m] Scanning for projects...
[[1;34mINFO[m] 
[[1;34mINFO[m] [1m---------------------< [0;36mcom.utp:ventacomputadoras[0;1m >----------------------[m
[[1;34mINFO[m] [1mBuilding ventacomputadoras 0.0.1-SNAPSHOT[m
[[1;34mINFO[m] [1m--------------------------------[ jar ]---------------------------------[m
[[1;34mINFO[m] 
[[1;34mINFO[m] [1m>>> [0;32mspring-boot-maven-plugin:3.2.0:run[m [1m(default-cli)[0;1m > [0;1mtest-compile[m @ [36mventacomputadoras[0;1m >>>[m
[[1;34mINFO[m] 
[[1;34mINFO[m] [1m--- [0;32mmaven-resources-plugin:3.3.1:resources[m [1m(default-resources)[m @ [36mventacomputadoras[0;1m ---[m
[[1;34mINFO[m] Copying 1 resource from src/main/resources to target/classes
[[1;34mINFO[m] Copying 7 resources from src/main/resources to target/classes
[[1;34mINFO[m] 
[[1;34mINFO[m] [1m--- [0;32mmaven-compiler-plugin:3.11.0:compile[m [1m(default-compile)[m @ [36mventacomputadoras[0;1m ---[m
[[1;34mINFO[m] Nothing to compile - all classes are up to date
[[1;34mINFO[m] 
[[1;34mINFO[m] [1m--- [0;32mmaven-resources-plugin:3.3.1:testResources[m [1m(default-testResources)[m @ [36mventacomputadoras[0;1m ---[m
[[1;34mINFO[m] skip non existing resourceDirectory /home/gxjohan/projects/dwi/spring-utp/src/test/resources
[[1;34mINFO[m] 
[[1;34mINFO[m] [1m--- [0;32mmaven-compiler-plugin:3.11.0:testCompile[m [1m(default-testCompile)[m @ [36mventacomputadoras[0;1m ---[m
[[1;34mINFO[m] Nothing to compile - all classes are up to date
[[1;34mINFO[m] 
[[1;34mINFO[m] [1m<<< [0;32mspring-boot-maven-plugin:3.2.0:run[m [1m(default-cli)[0;1m < [0;1mtest-compile[m @ [36mventacomputadoras[0;1m <<<[m
[[1;34mINFO[m] 
[[1;34mINFO[m] 
[[1;34mINFO[m] [1m--- [0;32mspring-boot-maven-plugin:3.2.0:run[m [1m(default-cli)[m @ [36mventacomputadoras[0;1m ---[m
[[1;34mINFO[m] Attaching agents: []

  .   ____          _            __ _ _
 /\\ / ___'_ __ _ _(_)_ __  __ _ \ \ \ \
( ( )\___ | '_ | '_| | '_ \/ _` | \ \ \ \
 \\/  ___)| |_)| | | | | || (_| |  ) ) ) )
  '  |____| .__|_| |_|_| |_\__, | / / / /
 =========|_|==============|___/=/_/_/_/
 :: Spring Boot ::                (v3.2.0)

2025-07-02T09:10:20.347-05:00  INFO 161157 --- [           main] c.u.v.VentacomputadorasApplication       : Starting VentacomputadorasApplication using Java 21.0.7 with PID 161157 (/home/gxjohan/projects/dwi/spring-utp/target/classes started by gxjohan in /home/gxjohan/projects/dwi/spring-utp)
2025-07-02T09:10:20.348-05:00  INFO 161157 --- [           main] c.u.v.VentacomputadorasApplication       : No active profile set, falling back to 1 default profile: "default"
2025-07-02T09:10:20.868-05:00  INFO 161157 --- [           main] .s.d.r.c.RepositoryConfigurationDelegate : Bootstrapping Spring Data JPA repositories in DEFAULT mode.
2025-07-02T09:10:20.897-05:00  INFO 161157 --- [           main] .s.d.r.c.RepositoryConfigurationDelegate : Finished Spring Data repository scanning in 25 ms. Found 1 JPA repository interface.
2025-07-02T09:10:21.335-05:00  INFO 161157 --- [           main] o.s.b.w.embedded.tomcat.TomcatWebServer  : Tomcat initialized with port 8081 (http)
2025-07-02T09:10:21.346-05:00  INFO 161157 --- [           main] o.apache.catalina.core.StandardService   : Starting service [Tomcat]
2025-07-02T09:10:21.346-05:00  INFO 161157 --- [           main] o.apache.catalina.core.StandardEngine    : Starting Servlet engine: [Apache Tomcat/10.1.16]
2025-07-02T09:10:21.385-05:00  INFO 161157 --- [           main] o.a.c.c.C.[Tomcat].[localhost].[/]       : Initializing Spring embedded WebApplicationContext
2025-07-02T09:10:21.386-05:00  INFO 161157 --- [           main] w.s.c.ServletWebServerApplicationContext : Root WebApplicationContext: initialization completed in 1013 ms
2025-07-02T09:10:21.478-05:00  INFO 161157 --- [           main] com.zaxxer.hikari.HikariDataSource       : HikariPool-1 - Starting...
2025-07-02T09:10:21.581-05:00  INFO 161157 --- [           main] com.zaxxer.hikari.pool.HikariPool        : HikariPool-1 - Added connection conn0: url=jdbc:h2:mem:ventacomputadorasdb user=SA
2025-07-02T09:10:21.582-05:00  INFO 161157 --- [           main] com.zaxxer.hikari.HikariDataSource       : HikariPool-1 - Start completed.
2025-07-02T09:10:21.588-05:00  INFO 161157 --- [           main] o.s.b.a.h2.H2ConsoleAutoConfiguration    : H2 console available at '/h2-console'. Database available at 'jdbc:h2:mem:ventacomputadorasdb'
2025-07-02T09:10:21.707-05:00  INFO 161157 --- [           main] o.hibernate.jpa.internal.util.LogHelper  : HHH000204: Processing PersistenceUnitInfo [name: default]
2025-07-02T09:10:21.740-05:00  INFO 161157 --- [           main] org.hibernate.Version                    : HHH000412: Hibernate ORM core version 6.3.1.Final
2025-07-02T09:10:21.757-05:00  INFO 161157 --- [           main] o.h.c.internal.RegionFactoryInitiator    : HHH000026: Second-level cache disabled
2025-07-02T09:10:21.875-05:00  INFO 161157 --- [           main] o.s.o.j.p.SpringPersistenceUnitInfo      : No LoadTimeWeaver setup: ignoring JPA class transformer
2025-07-02T09:10:21.898-05:00  WARN 161157 --- [           main] org.hibernate.orm.deprecation            : HHH90000025: H2Dialect does not need to be specified explicitly using 'hibernate.dialect' (remove the property setting and it will be selected by default)
2025-07-02T09:10:22.342-05:00  INFO 161157 --- [           main] o.h.e.t.j.p.i.JtaPlatformInitiator       : HHH000489: No JTA platform available (set 'hibernate.transaction.jta.platform' to enable JTA platform integration)
Hibernate: 
    drop table if exists computadoras cascade 
Hibernate: 
    create table computadoras (
        almacenamiento integer not null,
        memoria_ram integer not null,
        precio float(53) not null,
        stock integer not null,
        id bigint generated by default as identity,
        marca varchar(255) not null,
        modelo varchar(255) not null,
        procesador varchar(255) not null,
        tipo_almacenamiento varchar(255) not null,
        primary key (id)
    )
2025-07-02T09:10:22.362-05:00  INFO 161157 --- [           main] j.LocalContainerEntityManagerFactoryBean : Initialized JPA EntityManagerFactory for persistence unit 'default'
2025-07-02T09:10:22.688-05:00  WARN 161157 --- [           main] JpaBaseConfiguration$JpaWebConfiguration : spring.jpa.open-in-view is enabled by default. Therefore, database queries may be performed during view rendering. Explicitly configure spring.jpa.open-in-view to disable this warning
2025-07-02T09:10:22.720-05:00  INFO 161157 --- [           main] o.s.b.a.w.s.WelcomePageHandlerMapping    : Adding welcome page template: index
2025-07-02T09:10:23.296-05:00  INFO 161157 --- [           main] o.s.b.a.e.web.EndpointLinksResolver      : Exposing 1 endpoint(s) beneath base path '/actuator'
2025-07-02T09:10:23.353-05:00  INFO 161157 --- [           main] o.s.b.w.embedded.tomcat.TomcatWebServer  : Tomcat started on port 8081 (http) with context path ''
2025-07-02T09:10:23.361-05:00  INFO 161157 --- [           main] c.u.v.VentacomputadorasApplication       : Started VentacomputadorasApplication in 3.22 seconds (process running for 3.388)
2025-07-02T09:10:52.626-05:00  INFO 161157 --- [nio-8081-exec-1] o.a.c.c.C.[Tomcat].[localhost].[/]       : Initializing Spring DispatcherServlet 'dispatcherServlet'
2025-07-02T09:10:52.626-05:00  INFO 161157 --- [nio-8081-exec-1] o.s.web.servlet.DispatcherServlet        : Initializing Servlet 'dispatcherServlet'
2025-07-02T09:10:52.627-05:00  INFO 161157 --- [nio-8081-exec-1] o.s.web.servlet.DispatcherServlet        : Completed initialization in 1 ms
2025-07-02T09:10:52.868-05:00  INFO 161157 --- [nio-8081-exec-2] o.springdoc.api.AbstractOpenApiResource  : Init duration for springdoc-openapi is: 153 ms
